0 info it worked if it ends with ok
1 verbose cli [ '/Users/damon/.nvm/versions/node/v5.6.0/bin/node',
1 verbose cli   '/Users/damon/.nvm/versions/node/v5.6.0/bin/npm',
1 verbose cli   'start' ]
2 info using npm@3.6.0
3 info using node@v5.6.0
4 verbose run-script [ 'prestart', 'start', 'poststart' ]
5 info lifecycle react-soroban@0.0.0~prestart: react-soroban@0.0.0
6 silly lifecycle react-soroban@0.0.0~prestart: no script for prestart, continuing
7 info lifecycle react-soroban@0.0.0~start: react-soroban@0.0.0
8 verbose lifecycle react-soroban@0.0.0~start: unsafe-perm in lifecycle true
9 verbose lifecycle react-soroban@0.0.0~start: PATH: /Users/damon/.nvm/versions/node/v5.6.0/lib/node_modules/npm/bin/node-gyp-bin:/Users/damon/Workspace/react-soroban/node_modules/.bin:/Users/damon/.nvm/versions/node/v5.6.0/bin:/opt/local/bin:/opt/local/sbin:/Users/swrathal/bin:/usr/local/bin:/usr/local/sbin:/Users/damon/.rvm/gems/ruby-2.3.1/bin:/Users/damon/.rvm/gems/ruby-2.3.1@global/bin:/Users/damon/.rvm/rubies/ruby-2.3.1/bin:/usr/local/bin:/usr/bin:/bin:/usr/sbin:/sbin:/opt/X11/bin:/Library/Frameworks/Mono.framework/Versions/Current/Commands:/Users/damon/.rvm/bin:/Users/damon/.rvm/bin:./node_modules/.bin
10 verbose lifecycle react-soroban@0.0.0~start: CWD: /Users/damon/Workspace/react-soroban
11 silly lifecycle react-soroban@0.0.0~start: Args: [ '-c', 'node server.js' ]
12 silly lifecycle react-soroban@0.0.0~start: Returned: code: 1  signal: null
13 info lifecycle react-soroban@0.0.0~start: Failed to exec start script
14 verbose stack Error: react-soroban@0.0.0 start: `node server.js`
14 verbose stack Exit status 1
14 verbose stack     at EventEmitter.<anonymous> (/Users/damon/.nvm/versions/node/v5.6.0/lib/node_modules/npm/lib/utils/lifecycle.js:232:16)
14 verbose stack     at emitTwo (events.js:100:13)
14 verbose stack     at EventEmitter.emit (events.js:185:7)
14 verbose stack     at ChildProcess.<anonymous> (/Users/damon/.nvm/versions/node/v5.6.0/lib/node_modules/npm/lib/utils/spawn.js:24:14)
14 verbose stack     at emitTwo (events.js:100:13)
14 verbose stack     at ChildProcess.emit (events.js:185:7)
14 verbose stack     at maybeClose (internal/child_process.js:827:16)
14 verbose stack     at Process.ChildProcess._handle.onexit (internal/child_process.js:211:5)
15 verbose pkgid react-soroban@0.0.0
16 verbose cwd /Users/damon/Workspace/react-soroban
17 error Darwin 14.5.0
18 error argv "/Users/damon/.nvm/versions/node/v5.6.0/bin/node" "/Users/damon/.nvm/versions/node/v5.6.0/bin/npm" "start"
19 error node v5.6.0
20 error npm  v3.6.0
21 error code ELIFECYCLE
22 error react-soroban@0.0.0 start: `node server.js`
22 error Exit status 1
23 error Failed at the react-soroban@0.0.0 start script 'node server.js'.
23 error Make sure you have the latest version of node.js and npm installed.
23 error If you do, this is most likely a problem with the react-soroban package,
23 error not with npm itself.
23 error Tell the author that this fails on your system:
23 error     node server.js
23 error You can get information on how to open an issue for this project with:
23 error     npm bugs react-soroban
23 error Or if that isn't available, you can get their info via:
23 error     npm owner ls react-soroban
23 error There is likely additional logging output above.
24 verbose exit [ 1, true ]
